<?xml version="1.0" encoding="UTF-8"?>
<robot generator="Robot 6.1rc1 (Python 3.7.3 on win32)" generated="20240821 17:02:57.539" rpa="false" schemaversion="4">
<suite id="s1" name="TC001 Create to do lists without notifications successful" source="C:\PycharmProjects\AnswerNo04\TC001_Create_to_do_lists_without_notifications_successful.robot">
<test id="s1-t1" name="Create to do lists without notifications successful" line="91">
<kw name="Open Test Application">
<arg>${REMOTE_URL}</arg>
<arg>${PLATFORM_NAME}</arg>
<arg>${DEVICE_TARGET}</arg>
<arg>${DEVICE_NAME}</arg>
<arg>${APP_PATH}</arg>
<arg>${Automate_nmae}</arg>
<kw name="Open Application" library="AppiumLibrary">
<arg>${REMOTE_URL}</arg>
<arg>platformName=${PLATFORM_NAME}</arg>
<arg>platformVersion=${DEVICE_TARGET}</arg>
<arg>deviceName=${DEVICE_NAME}</arg>
<arg>app=${APP_PATH}</arg>
<arg>automationName=${Automate_nmae}</arg>
<doc>Opens a new application to given Appium server.
Capabilities of appium server, Android and iOS,
Please check https://github.com/appium/appium/blob/master/docs/en/writing-running-appium/server-args.md
| *Option*            | *Man.* | *Description*     |
| remote_url          | Yes    | Appium server url |
| alias               | no     | alias             |</doc>
<status status="PASS" starttime="20240821 17:02:57.840" endtime="20240821 17:03:07.537"/>
</kw>
<kw name="Page Should Contain Text" library="AppiumLibrary">
<arg>You don't have any todos</arg>
<doc>Verifies that current page contains `text`.</doc>
<msg timestamp="20240821 17:03:07.986" level="INFO">Current page contains text 'You don't have any todos'.</msg>
<status status="PASS" starttime="20240821 17:03:07.537" endtime="20240821 17:03:07.986"/>
</kw>
<kw name="Sleep" library="BuiltIn">
<arg>5s</arg>
<doc>Pauses the test executed for the given time.</doc>
<msg timestamp="20240821 17:03:12.994" level="INFO">Slept 5 seconds</msg>
<status status="PASS" starttime="20240821 17:03:07.986" endtime="20240821 17:03:12.994"/>
</kw>
<status status="PASS" starttime="20240821 17:02:57.840" endtime="20240821 17:03:12.994"/>
</kw>
<kw name="Click button Add To Do">
<kw name="Click Element" library="AppiumLibrary">
<arg>addToDoItemFAB</arg>
<doc>Click element identified by `locator`.</doc>
<msg timestamp="20240821 17:03:13.001" level="INFO">Clicking element 'addToDoItemFAB'.</msg>
<status status="PASS" starttime="20240821 17:03:12.996" endtime="20240821 17:03:13.106"/>
</kw>
<kw name="Sleep" library="BuiltIn">
<arg>2s</arg>
<doc>Pauses the test executed for the given time.</doc>
<msg timestamp="20240821 17:03:15.110" level="INFO">Slept 2 seconds</msg>
<status status="PASS" starttime="20240821 17:03:13.106" endtime="20240821 17:03:15.110"/>
</kw>
<status status="PASS" starttime="20240821 17:03:12.995" endtime="20240821 17:03:15.110"/>
</kw>
<kw name="Enter text To Do List">
<arg>${TODOLIST}</arg>
<kw name="Input Text" library="AppiumLibrary">
<arg>userToDoEditText</arg>
<arg>${TODOLIST}</arg>
<doc>Types the given `text` into text field identified by `locator`.</doc>
<msg timestamp="20240821 17:03:15.114" level="INFO">Typing text 'AddtodoList01' into text field 'userToDoEditText'</msg>
<status status="PASS" starttime="20240821 17:03:15.111" endtime="20240821 17:03:15.163"/>
</kw>
<kw name="Sleep" library="BuiltIn">
<arg>2s</arg>
<doc>Pauses the test executed for the given time.</doc>
<msg timestamp="20240821 17:03:17.167" level="INFO">Slept 2 seconds</msg>
<status status="PASS" starttime="20240821 17:03:15.164" endtime="20240821 17:03:17.167"/>
</kw>
<status status="PASS" starttime="20240821 17:03:15.111" endtime="20240821 17:03:17.167"/>
</kw>
<kw name="Click sent to do list">
<kw name="Click Element" library="AppiumLibrary">
<arg>makeToDoFloatingActionButton</arg>
<doc>Click element identified by `locator`.</doc>
<msg timestamp="20240821 17:03:17.173" level="INFO">Clicking element 'makeToDoFloatingActionButton'.</msg>
<status status="PASS" starttime="20240821 17:03:17.169" endtime="20240821 17:03:17.211"/>
</kw>
<kw name="Sleep" library="BuiltIn">
<arg>2s</arg>
<doc>Pauses the test executed for the given time.</doc>
<msg timestamp="20240821 17:03:19.215" level="INFO">Slept 2 seconds</msg>
<status status="PASS" starttime="20240821 17:03:17.211" endtime="20240821 17:03:19.215"/>
</kw>
<status status="PASS" starttime="20240821 17:03:17.169" endtime="20240821 17:03:19.215"/>
</kw>
<kw name="Verify To do list">
<kw name="Page Should Contain Text" library="AppiumLibrary">
<arg>${TODOLIST}</arg>
<doc>Verifies that current page contains `text`.</doc>
<msg timestamp="20240821 17:03:19.301" level="INFO">Current page contains text 'AddtodoList01'.</msg>
<status status="PASS" starttime="20240821 17:03:19.217" endtime="20240821 17:03:19.302"/>
</kw>
<kw name="Sleep" library="BuiltIn">
<arg>2s</arg>
<doc>Pauses the test executed for the given time.</doc>
<msg timestamp="20240821 17:03:21.308" level="INFO">Slept 2 seconds</msg>
<status status="PASS" starttime="20240821 17:03:19.302" endtime="20240821 17:03:21.308"/>
</kw>
<status status="PASS" starttime="20240821 17:03:19.216" endtime="20240821 17:03:21.308"/>
</kw>
<status status="PASS" starttime="20240821 17:02:57.839" endtime="20240821 17:03:21.309"/>
</test>
<test id="s1-t2" name="Create to do lists without notifications unsuccessful" line="98">
<kw name="Click button Add To Do">
<kw name="Click Element" library="AppiumLibrary">
<arg>addToDoItemFAB</arg>
<doc>Click element identified by `locator`.</doc>
<msg timestamp="20240821 17:03:21.320" level="INFO">Clicking element 'addToDoItemFAB'.</msg>
<status status="PASS" starttime="20240821 17:03:21.314" endtime="20240821 17:03:21.365"/>
</kw>
<kw name="Sleep" library="BuiltIn">
<arg>2s</arg>
<doc>Pauses the test executed for the given time.</doc>
<msg timestamp="20240821 17:03:23.378" level="INFO">Slept 2 seconds</msg>
<status status="PASS" starttime="20240821 17:03:21.365" endtime="20240821 17:03:23.378"/>
</kw>
<status status="PASS" starttime="20240821 17:03:21.314" endtime="20240821 17:03:23.378"/>
</kw>
<kw name="Enter text To Do List">
<arg>${EMPTY}</arg>
<kw name="Input Text" library="AppiumLibrary">
<arg>userToDoEditText</arg>
<arg>${TODOLIST}</arg>
<doc>Types the given `text` into text field identified by `locator`.</doc>
<msg timestamp="20240821 17:03:23.385" level="INFO">Typing text '' into text field 'userToDoEditText'</msg>
<status status="PASS" starttime="20240821 17:03:23.381" endtime="20240821 17:03:23.439"/>
</kw>
<kw name="Sleep" library="BuiltIn">
<arg>2s</arg>
<doc>Pauses the test executed for the given time.</doc>
<msg timestamp="20240821 17:03:25.450" level="INFO">Slept 2 seconds</msg>
<status status="PASS" starttime="20240821 17:03:23.439" endtime="20240821 17:03:25.450"/>
</kw>
<status status="PASS" starttime="20240821 17:03:23.379" endtime="20240821 17:03:25.450"/>
</kw>
<kw name="Click sent to do list">
<kw name="Click Element" library="AppiumLibrary">
<arg>makeToDoFloatingActionButton</arg>
<doc>Click element identified by `locator`.</doc>
<msg timestamp="20240821 17:03:25.453" level="INFO">Clicking element 'makeToDoFloatingActionButton'.</msg>
<status status="PASS" starttime="20240821 17:03:25.451" endtime="20240821 17:03:25.497"/>
</kw>
<kw name="Sleep" library="BuiltIn">
<arg>2s</arg>
<doc>Pauses the test executed for the given time.</doc>
<msg timestamp="20240821 17:03:27.499" level="INFO">Slept 2 seconds</msg>
<status status="PASS" starttime="20240821 17:03:25.498" endtime="20240821 17:03:27.499"/>
</kw>
<status status="PASS" starttime="20240821 17:03:25.451" endtime="20240821 17:03:27.499"/>
</kw>
<kw name="Verify To do list unsuccessful">
<arg>${TODOLIST2}</arg>
<kw name="Page Should Not Contain Text" library="AppiumLibrary">
<arg>AddtodoList02</arg>
<doc>Verifies that current page not contains `text`.</doc>
<msg timestamp="20240821 17:03:27.598" level="INFO">Current page does not contains text 'AddtodoList02'.</msg>
<status status="PASS" starttime="20240821 17:03:27.501" endtime="20240821 17:03:27.598"/>
</kw>
<kw name="Sleep" library="BuiltIn">
<arg>2s</arg>
<doc>Pauses the test executed for the given time.</doc>
<msg timestamp="20240821 17:03:29.610" level="INFO">Slept 2 seconds</msg>
<status status="PASS" starttime="20240821 17:03:27.599" endtime="20240821 17:03:29.610"/>
</kw>
<status status="PASS" starttime="20240821 17:03:27.501" endtime="20240821 17:03:29.610"/>
</kw>
<status status="PASS" starttime="20240821 17:03:21.312" endtime="20240821 17:03:29.611"/>
</test>
<test id="s1-t3" name="Update to do add notification successful." line="104">
<kw name="Select to do list on screen">
<kw name="Click Element" library="AppiumLibrary">
<arg>listItemLinearLayout</arg>
<doc>Click element identified by `locator`.</doc>
<msg timestamp="20240821 17:03:29.621" level="INFO">Clicking element 'listItemLinearLayout'.</msg>
<status status="PASS" starttime="20240821 17:03:29.617" endtime="20240821 17:03:29.665"/>
</kw>
<kw name="Sleep" library="BuiltIn">
<arg>2s</arg>
<doc>Pauses the test executed for the given time.</doc>
<msg timestamp="20240821 17:03:31.680" level="INFO">Slept 2 seconds</msg>
<status status="PASS" starttime="20240821 17:03:29.666" endtime="20240821 17:03:31.680"/>
</kw>
<status status="PASS" starttime="20240821 17:03:29.616" endtime="20240821 17:03:31.680"/>
</kw>
<kw name="Clear Text to do">
<kw name="Clear Text" library="AppiumLibrary">
<arg>userToDoEditText</arg>
<doc>Clears the text field identified by `locator`.</doc>
<msg timestamp="20240821 17:03:31.684" level="INFO">Clear text field 'userToDoEditText'</msg>
<status status="PASS" starttime="20240821 17:03:31.682" endtime="20240821 17:03:31.729"/>
</kw>
<kw name="Sleep" library="BuiltIn">
<arg>2s</arg>
<doc>Pauses the test executed for the given time.</doc>
<msg timestamp="20240821 17:03:33.738" level="INFO">Slept 2 seconds</msg>
<status status="PASS" starttime="20240821 17:03:31.729" endtime="20240821 17:03:33.738"/>
</kw>
<status status="PASS" starttime="20240821 17:03:31.681" endtime="20240821 17:03:33.738"/>
</kw>
<kw name="Enter text To Do List">
<arg>${TODOLIST3}</arg>
<kw name="Input Text" library="AppiumLibrary">
<arg>userToDoEditText</arg>
<arg>${TODOLIST}</arg>
<doc>Types the given `text` into text field identified by `locator`.</doc>
<msg timestamp="20240821 17:03:33.743" level="INFO">Typing text 'AddtodoList03' into text field 'userToDoEditText'</msg>
<status status="PASS" starttime="20240821 17:03:33.740" endtime="20240821 17:03:33.799"/>
</kw>
<kw name="Sleep" library="BuiltIn">
<arg>2s</arg>
<doc>Pauses the test executed for the given time.</doc>
<msg timestamp="20240821 17:03:35.815" level="INFO">Slept 2 seconds</msg>
<status status="PASS" starttime="20240821 17:03:33.800" endtime="20240821 17:03:35.815"/>
</kw>
<status status="PASS" starttime="20240821 17:03:33.739" endtime="20240821 17:03:35.815"/>
</kw>
<kw name="Click on notifications">
<kw name="Click Element" library="AppiumLibrary">
<arg>toDoHasDateSwitchCompat</arg>
<doc>Click element identified by `locator`.</doc>
<msg timestamp="20240821 17:03:35.819" level="INFO">Clicking element 'toDoHasDateSwitchCompat'.</msg>
<status status="PASS" starttime="20240821 17:03:35.816" endtime="20240821 17:03:35.867"/>
</kw>
<kw name="Sleep" library="BuiltIn">
<arg>2s</arg>
<doc>Pauses the test executed for the given time.</doc>
<msg timestamp="20240821 17:03:37.880" level="INFO">Slept 2 seconds</msg>
<status status="PASS" starttime="20240821 17:03:35.867" endtime="20240821 17:03:37.880"/>
</kw>
<status status="PASS" starttime="20240821 17:03:35.816" endtime="20240821 17:03:37.880"/>
</kw>
<kw name="Input date">
<arg>${TODODATE}</arg>
<kw name="Clear Text" library="AppiumLibrary">
<arg>newTodoDateEditText</arg>
<doc>Clears the text field identified by `locator`.</doc>
<msg timestamp="20240821 17:03:37.884" level="INFO">Clear text field 'newTodoDateEditText'</msg>
<status status="PASS" starttime="20240821 17:03:37.881" endtime="20240821 17:03:37.917"/>
</kw>
<kw name="Input Text" library="AppiumLibrary">
<arg>newTodoDateEditText</arg>
<arg>${TODODATE}</arg>
<doc>Types the given `text` into text field identified by `locator`.</doc>
<msg timestamp="20240821 17:03:37.919" level="INFO">Typing text 'Today' into text field 'newTodoDateEditText'</msg>
<status status="PASS" starttime="20240821 17:03:37.917" endtime="20240821 17:03:38.424"/>
</kw>
<kw name="Sleep" library="BuiltIn">
<arg>2s</arg>
<doc>Pauses the test executed for the given time.</doc>
<msg timestamp="20240821 17:03:40.434" level="INFO">Slept 2 seconds</msg>
<status status="PASS" starttime="20240821 17:03:38.424" endtime="20240821 17:03:40.434"/>
</kw>
<status status="PASS" starttime="20240821 17:03:37.881" endtime="20240821 17:03:40.434"/>
</kw>
<kw name="Input Time">
<arg>${TODOTIME}</arg>
<kw name="Clear Text" library="AppiumLibrary">
<arg>newTodoTimeEditText</arg>
<doc>Clears the text field identified by `locator`.</doc>
<msg timestamp="20240821 17:03:40.442" level="INFO">Clear text field 'newTodoTimeEditText'</msg>
<status status="PASS" starttime="20240821 17:03:40.438" endtime="20240821 17:03:40.511"/>
</kw>
<kw name="Input Text" library="AppiumLibrary">
<arg>newTodoTimeEditText</arg>
<arg>${TODOTIME}</arg>
<doc>Types the given `text` into text field identified by `locator`.</doc>
<msg timestamp="20240821 17:03:40.514" level="INFO">Typing text '8:00 PM' into text field 'newTodoTimeEditText'</msg>
<status status="PASS" starttime="20240821 17:03:40.512" endtime="20240821 17:03:41.036"/>
</kw>
<kw name="Sleep" library="BuiltIn">
<arg>2s</arg>
<doc>Pauses the test executed for the given time.</doc>
<msg timestamp="20240821 17:03:43.040" level="INFO">Slept 2 seconds</msg>
<status status="PASS" starttime="20240821 17:03:41.036" endtime="20240821 17:03:43.041"/>
</kw>
<status status="PASS" starttime="20240821 17:03:40.437" endtime="20240821 17:03:43.041"/>
</kw>
<kw name="Click text data time">
<kw name="Click Element" library="AppiumLibrary">
<arg>userToDoRemindMeTextView</arg>
<doc>Click element identified by `locator`.</doc>
<msg timestamp="20240821 17:03:43.045" level="INFO">Clicking element 'userToDoRemindMeTextView'.</msg>
<status status="PASS" starttime="20240821 17:03:43.043" endtime="20240821 17:03:43.081"/>
</kw>
<kw name="Sleep" library="BuiltIn">
<arg>2s</arg>
<doc>Pauses the test executed for the given time.</doc>
<msg timestamp="20240821 17:03:45.085" level="INFO">Slept 2 seconds</msg>
<status status="PASS" starttime="20240821 17:03:43.081" endtime="20240821 17:03:45.085"/>
</kw>
<status status="PASS" starttime="20240821 17:03:43.042" endtime="20240821 17:03:45.085"/>
</kw>
<kw name="Click sent to do list">
<kw name="Click Element" library="AppiumLibrary">
<arg>makeToDoFloatingActionButton</arg>
<doc>Click element identified by `locator`.</doc>
<msg timestamp="20240821 17:03:45.088" level="INFO">Clicking element 'makeToDoFloatingActionButton'.</msg>
<status status="PASS" starttime="20240821 17:03:45.086" endtime="20240821 17:03:45.134"/>
</kw>
<kw name="Sleep" library="BuiltIn">
<arg>2s</arg>
<doc>Pauses the test executed for the given time.</doc>
<msg timestamp="20240821 17:03:47.135" level="INFO">Slept 2 seconds</msg>
<status status="PASS" starttime="20240821 17:03:45.134" endtime="20240821 17:03:47.135"/>
</kw>
<status status="PASS" starttime="20240821 17:03:45.086" endtime="20240821 17:03:47.135"/>
</kw>
<kw name="Verify name to do list">
<arg>${TODOLIST3}</arg>
<kw name="Page Should Contain Text" library="AppiumLibrary">
<arg>${TODOTIME}</arg>
<doc>Verifies that current page contains `text`.</doc>
<msg timestamp="20240821 17:03:47.198" level="INFO">Current page contains text 'AddtodoList03'.</msg>
<status status="PASS" starttime="20240821 17:03:47.136" endtime="20240821 17:03:47.198"/>
</kw>
<kw name="Sleep" library="BuiltIn">
<arg>2s</arg>
<doc>Pauses the test executed for the given time.</doc>
<msg timestamp="20240821 17:03:49.205" level="INFO">Slept 2 seconds</msg>
<status status="PASS" starttime="20240821 17:03:47.198" endtime="20240821 17:03:49.205"/>
</kw>
<status status="PASS" starttime="20240821 17:03:47.136" endtime="20240821 17:03:49.206"/>
</kw>
<status status="PASS" starttime="20240821 17:03:29.615" endtime="20240821 17:03:49.210"/>
</test>
<test id="s1-t4" name="Update to do add notification unsuccessful" line="115">
<kw name="Select to do list on screen">
<kw name="Click Element" library="AppiumLibrary">
<arg>listItemLinearLayout</arg>
<doc>Click element identified by `locator`.</doc>
<msg timestamp="20240821 17:03:49.229" level="INFO">Clicking element 'listItemLinearLayout'.</msg>
<status status="PASS" starttime="20240821 17:03:49.220" endtime="20240821 17:03:49.300"/>
</kw>
<kw name="Sleep" library="BuiltIn">
<arg>2s</arg>
<doc>Pauses the test executed for the given time.</doc>
<msg timestamp="20240821 17:03:51.311" level="INFO">Slept 2 seconds</msg>
<status status="PASS" starttime="20240821 17:03:49.301" endtime="20240821 17:03:51.311"/>
</kw>
<status status="PASS" starttime="20240821 17:03:49.218" endtime="20240821 17:03:51.311"/>
</kw>
<kw name="Clear Text to do">
<kw name="Clear Text" library="AppiumLibrary">
<arg>userToDoEditText</arg>
<doc>Clears the text field identified by `locator`.</doc>
<msg timestamp="20240821 17:03:51.315" level="INFO">Clear text field 'userToDoEditText'</msg>
<status status="PASS" starttime="20240821 17:03:51.313" endtime="20240821 17:03:51.377"/>
</kw>
<kw name="Sleep" library="BuiltIn">
<arg>2s</arg>
<doc>Pauses the test executed for the given time.</doc>
<msg timestamp="20240821 17:03:53.391" level="INFO">Slept 2 seconds</msg>
<status status="PASS" starttime="20240821 17:03:51.377" endtime="20240821 17:03:53.391"/>
</kw>
<status status="PASS" starttime="20240821 17:03:51.312" endtime="20240821 17:03:53.391"/>
</kw>
<kw name="Enter text To Do List">
<arg>${TODOLIST}</arg>
<kw name="Input Text" library="AppiumLibrary">
<arg>userToDoEditText</arg>
<arg>${TODOLIST}</arg>
<doc>Types the given `text` into text field identified by `locator`.</doc>
<msg timestamp="20240821 17:03:53.396" level="INFO">Typing text 'AddtodoList01' into text field 'userToDoEditText'</msg>
<status status="PASS" starttime="20240821 17:03:53.392" endtime="20240821 17:03:53.457"/>
</kw>
<kw name="Sleep" library="BuiltIn">
<arg>2s</arg>
<doc>Pauses the test executed for the given time.</doc>
<msg timestamp="20240821 17:03:55.465" level="INFO">Slept 2 seconds</msg>
<status status="PASS" starttime="20240821 17:03:53.458" endtime="20240821 17:03:55.465"/>
</kw>
<status status="PASS" starttime="20240821 17:03:53.392" endtime="20240821 17:03:55.465"/>
</kw>
<kw name="Input date">
<arg>${EMPTY}</arg>
<kw name="Clear Text" library="AppiumLibrary">
<arg>newTodoDateEditText</arg>
<doc>Clears the text field identified by `locator`.</doc>
<msg timestamp="20240821 17:03:55.468" level="INFO">Clear text field 'newTodoDateEditText'</msg>
<status status="PASS" starttime="20240821 17:03:55.467" endtime="20240821 17:03:55.536"/>
</kw>
<kw name="Input Text" library="AppiumLibrary">
<arg>newTodoDateEditText</arg>
<arg>${TODODATE}</arg>
<doc>Types the given `text` into text field identified by `locator`.</doc>
<msg timestamp="20240821 17:03:55.538" level="INFO">Typing text '' into text field 'newTodoDateEditText'</msg>
<status status="PASS" starttime="20240821 17:03:55.536" endtime="20240821 17:03:56.062"/>
</kw>
<kw name="Sleep" library="BuiltIn">
<arg>2s</arg>
<doc>Pauses the test executed for the given time.</doc>
<msg timestamp="20240821 17:03:58.076" level="INFO">Slept 2 seconds</msg>
<status status="PASS" starttime="20240821 17:03:56.062" endtime="20240821 17:03:58.076"/>
</kw>
<status status="PASS" starttime="20240821 17:03:55.466" endtime="20240821 17:03:58.077"/>
</kw>
<kw name="Input Time">
<arg>${EMPTY}</arg>
<kw name="Clear Text" library="AppiumLibrary">
<arg>newTodoTimeEditText</arg>
<doc>Clears the text field identified by `locator`.</doc>
<msg timestamp="20240821 17:03:58.084" level="INFO">Clear text field 'newTodoTimeEditText'</msg>
<status status="PASS" starttime="20240821 17:03:58.080" endtime="20240821 17:03:58.119"/>
</kw>
<kw name="Input Text" library="AppiumLibrary">
<arg>newTodoTimeEditText</arg>
<arg>${TODOTIME}</arg>
<doc>Types the given `text` into text field identified by `locator`.</doc>
<msg timestamp="20240821 17:03:58.122" level="INFO">Typing text '' into text field 'newTodoTimeEditText'</msg>
<status status="PASS" starttime="20240821 17:03:58.120" endtime="20240821 17:03:58.646"/>
</kw>
<kw name="Sleep" library="BuiltIn">
<arg>2s</arg>
<doc>Pauses the test executed for the given time.</doc>
<msg timestamp="20240821 17:04:00.649" level="INFO">Slept 2 seconds</msg>
<status status="PASS" starttime="20240821 17:03:58.646" endtime="20240821 17:04:00.649"/>
</kw>
<status status="PASS" starttime="20240821 17:03:58.078" endtime="20240821 17:04:00.649"/>
</kw>
<kw name="Click text data time">
<kw name="Click Element" library="AppiumLibrary">
<arg>userToDoRemindMeTextView</arg>
<doc>Click element identified by `locator`.</doc>
<msg timestamp="20240821 17:04:00.655" level="INFO">Clicking element 'userToDoRemindMeTextView'.</msg>
<status status="PASS" starttime="20240821 17:04:00.651" endtime="20240821 17:04:00.700"/>
</kw>
<kw name="Sleep" library="BuiltIn">
<arg>2s</arg>
<doc>Pauses the test executed for the given time.</doc>
<msg timestamp="20240821 17:04:02.713" level="INFO">Slept 2 seconds</msg>
<status status="PASS" starttime="20240821 17:04:00.701" endtime="20240821 17:04:02.713"/>
</kw>
<status status="PASS" starttime="20240821 17:04:00.650" endtime="20240821 17:04:02.713"/>
</kw>
<kw name="Click sent to do list">
<kw name="Click Element" library="AppiumLibrary">
<arg>makeToDoFloatingActionButton</arg>
<doc>Click element identified by `locator`.</doc>
<msg timestamp="20240821 17:04:02.718" level="INFO">Clicking element 'makeToDoFloatingActionButton'.</msg>
<status status="PASS" starttime="20240821 17:04:02.715" endtime="20240821 17:04:02.784"/>
</kw>
<kw name="Sleep" library="BuiltIn">
<arg>2s</arg>
<doc>Pauses the test executed for the given time.</doc>
<msg timestamp="20240821 17:04:04.795" level="INFO">Slept 2 seconds</msg>
<status status="PASS" starttime="20240821 17:04:02.784" endtime="20240821 17:04:04.795"/>
</kw>
<status status="PASS" starttime="20240821 17:04:02.714" endtime="20240821 17:04:04.796"/>
</kw>
<kw name="Verify name to do list">
<arg>${TODOLIST}</arg>
<kw name="Page Should Contain Text" library="AppiumLibrary">
<arg>${TODOTIME}</arg>
<doc>Verifies that current page contains `text`.</doc>
<msg timestamp="20240821 17:04:04.883" level="INFO">Current page contains text 'AddtodoList01'.</msg>
<status status="PASS" starttime="20240821 17:04:04.798" endtime="20240821 17:04:04.883"/>
</kw>
<kw name="Sleep" library="BuiltIn">
<arg>2s</arg>
<doc>Pauses the test executed for the given time.</doc>
<msg timestamp="20240821 17:04:06.895" level="INFO">Slept 2 seconds</msg>
<status status="PASS" starttime="20240821 17:04:04.883" endtime="20240821 17:04:06.895"/>
</kw>
<status status="PASS" starttime="20240821 17:04:04.797" endtime="20240821 17:04:06.896"/>
</kw>
<status status="PASS" starttime="20240821 17:03:49.216" endtime="20240821 17:04:06.897"/>
</test>
<test id="s1-t5" name="Delect to-do lists on screen successful" line="125">
<kw name="Select Slide to do list on screen">
<kw name="Swipe" library="AppiumLibrary">
<arg>0</arg>
<arg>220</arg>
<arg>100</arg>
<arg>0</arg>
<arg>1000</arg>
<doc>Swipe from one point to another point, for an optional duration.</doc>
<status status="PASS" starttime="20240821 17:04:06.902" endtime="20240821 17:04:08.450"/>
</kw>
<kw name="Sleep" library="BuiltIn">
<arg>2s</arg>
<doc>Pauses the test executed for the given time.</doc>
<msg timestamp="20240821 17:04:10.461" level="INFO">Slept 2 seconds</msg>
<status status="PASS" starttime="20240821 17:04:08.450" endtime="20240821 17:04:10.462"/>
</kw>
<status status="PASS" starttime="20240821 17:04:06.901" endtime="20240821 17:04:10.462"/>
</kw>
<kw name="Verify To do list unsuccessful">
<arg>${TODOLIST}</arg>
<kw name="Page Should Not Contain Text" library="AppiumLibrary">
<arg>AddtodoList02</arg>
<doc>Verifies that current page not contains `text`.</doc>
<msg timestamp="20240821 17:04:10.591" level="INFO">Current page does not contains text 'AddtodoList02'.</msg>
<status status="PASS" starttime="20240821 17:04:10.464" endtime="20240821 17:04:10.591"/>
</kw>
<kw name="Sleep" library="BuiltIn">
<arg>2s</arg>
<doc>Pauses the test executed for the given time.</doc>
<msg timestamp="20240821 17:04:12.599" level="INFO">Slept 2 seconds</msg>
<status status="PASS" starttime="20240821 17:04:10.591" endtime="20240821 17:04:12.599"/>
</kw>
<status status="PASS" starttime="20240821 17:04:10.463" endtime="20240821 17:04:12.600"/>
</kw>
<kw name="Close Application" library="AppiumLibrary" type="TEARDOWN">
<doc>Closes the current application and also close webdriver session.</doc>
<status status="PASS" starttime="20240821 17:04:12.602" endtime="20240821 17:04:12.815"/>
</kw>
<status status="PASS" starttime="20240821 17:04:06.900" endtime="20240821 17:04:12.816"/>
</test>
<status status="PASS" starttime="20240821 17:02:57.541" endtime="20240821 17:04:12.820"/>
</suite>
<statistics>
<total>
<stat pass="5" fail="0" skip="0">All Tests</stat>
</total>
<tag>
</tag>
<suite>
<stat pass="5" fail="0" skip="0" id="s1" name="TC001 Create to do lists without notifications successful">TC001 Create to do lists without notifications successful</stat>
</suite>
</statistics>
<errors>
</errors>
</robot>
